#
# There is insufficient memory for the Java Runtime Environment to continue.
# Native memory allocation (mmap) failed to map 266338304 bytes for G1 virtual space
# Possible reasons:
#   The system is out of physical RAM or swap space
#   The process is running with CompressedOops enabled, and the Java Heap may be blocking the growth of the native heap
# Possible solutions:
#   Reduce memory load on the system
#   Increase physical memory or swap space
#   Check if swap backing store is full
#   Decrease Java heap size (-Xmx/-Xms)
#   Decrease number of Java threads
#   Decrease Java thread stack sizes (-Xss)
#   Set larger code cache with -XX:ReservedCodeCacheSize=
#   JVM is running with Zero Based Compressed Oops mode in which the Java heap is
#     placed in the first 32GB address space. The Java Heap base address is the
#     maximum limit for the native heap growth. Please use -XX:HeapBaseMinAddress
#     to set the Java Heap base and to place the Java Heap above 32GB virtual address.
# This output file may be truncated or incomplete.
#
#  Out of Memory Error (os_windows.cpp:3617), pid=8040, tid=19352
#
# JRE version:  (17.0.8+7) (build )
# Java VM: OpenJDK 64-Bit Server VM (17.0.8+7-LTS, mixed mode, emulated-client, sharing, tiered, compressed oops, compressed class ptrs, g1 gc, windows-amd64)
# No core dump will be written. Minidumps are not enabled by default on client versions of Windows
#

---------------  S U M M A R Y ------------

Command Line: -XX:TieredStopAtLevel=1 -Dspring.output.ansi.enabled=always -Dcom.sun.management.jmxremote -Dspring.jmx.enabled=true -Dspring.liveBeansView.mbeanDomain -Dspring.application.admin.enabled=true -Dmanagement.endpoints.jmx.exposure.include=* -javaagent:C:\Program Files\JetBrains\IntelliJ IDEA 2024.1.2\lib\idea_rt.jar=65411:C:\Program Files\JetBrains\IntelliJ IDEA 2024.1.2\bin -Dfile.encoding=UTF-8 com.example.cacheexample.CacheExampleApplication

Host: Intel(R) Core(TM) i3-10105 CPU @ 3.70GHz, 8 cores, 15G,  Windows 10 , 64 bit Build 19041 (10.0.19041.3636)
Time: Wed Jun  5 17:48:02 2024  Windows 10 , 64 bit Build 19041 (10.0.19041.3636) elapsed time: 0.031743 seconds (0d 0h 0m 0s)

---------------  T H R E A D  ---------------

Current thread (0x0000026882129f90):  JavaThread "Unknown thread" [_thread_in_vm, id=19352, stack(0x000000eecab00000,0x000000eecac00000)]

Stack: [0x000000eecab00000,0x000000eecac00000]
Native frames: (J=compiled Java code, j=interpreted, Vv=VM code, C=native code)
V  [jvm.dll+0x64c9da]
V  [jvm.dll+0x800834]
V  [jvm.dll+0x801fee]
V  [jvm.dll+0x802643]
V  [jvm.dll+0x23715b]
V  [jvm.dll+0x64977a]
V  [jvm.dll+0x63e1ca]
V  [jvm.dll+0x2f5e99]
V  [jvm.dll+0x2fd096]
V  [jvm.dll+0x349b7a]
V  [jvm.dll+0x349dbf]
V  [jvm.dll+0x2cc0d8]
V  [jvm.dll+0x2cd069]
V  [jvm.dll+0x7d4491]
V  [jvm.dll+0x357051]
V  [jvm.dll+0x7b485e]
V  [jvm.dll+0x3d45f3]
V  [jvm.dll+0x3d6041]
C  [jli.dll+0x51bf]
C  [ucrtbase.dll+0x21bb2]
C  [KERNEL32.DLL+0x17344]
C  [ntdll.dll+0x526b1]


---------------  P R O C E S S  ---------------

Threads class SMR info:
_java_thread_list=0x00007ffc4997f898, length=0, elements={
}

Java Threads: ( => current thread )

Other Threads:
  0x0000026882193dc0 GCTaskThread "GC Thread#0" [stack: 0x000000eecac00000,0x000000eecad00000] [id=18264]
  0x00000268821a49a0 ConcurrentGCThread "G1 Main Marker" [stack: 0x000000eecad00000,0x000000eecae00000] [id=19424]
  0x00000268821a53b0 ConcurrentGCThread "G1 Conc#0" [stack: 0x000000eecae00000,0x000000eecaf00000] [id=18820]

[error occurred during error reporting (printing all threads), id 0xc0000005, EXCEPTION_ACCESS_VIOLATION (0xc0000005) at pc=0x00007ffc4916d377]

VM state: not at safepoint (not fully initialized)

VM Mutex/Monitor currently owned by a thread:  ([mutex/lock_event])
[0x0000026882124900] Heap_lock - owner thread: 0x0000026882129f90

Heap address: 0x0000000703600000, size: 4042 MB, Compressed Oops mode: Zero based, Oop shift amount: 3

CDS archive(s) mapped at: [0x0000000000000000-0x0000000000000000-0x0000000000000000), size 0, SharedBaseAddress: 0x0000000800000000, ArchiveRelocationMode: 1.
Narrow klass base: 0x0000000000000000, Narrow klass shift: 0, Narrow klass range: 0x0

GC Precious Log:
<Empty>

Heap:
 garbage-first heap   total 0K, used 0K [0x0000000703600000, 0x0000000800000000)
  region size 2048K, 0 young (0K), 0 survivors (0K)

[error occurred during error reporting (printing heap information), id 0xc0000005, EXCEPTION_ACCESS_VIOLATION (0xc0000005) at pc=0x00007ffc49534bd9]

GC Heap History (0 events):
No events

Dll operation events (1 events):
Event: 0.011 Loaded shared library C:\Users\teacher.DESKTOP-MTTTSJM\.jdks\corretto-17.0.8\bin\java.dll

Deoptimization events (0 events):
No events

Classes unloaded (0 events):
No events

Classes redefined (0 events):
No events

Internal exceptions (0 events):
No events

VM Operations (0 events):
No events

Events (0 events):
No events


Dynamic libraries:
0x00007ff6c8360000 - 0x00007ff6c836d000 	C:\Users\teacher.DESKTOP-MTTTSJM\.jdks\corretto-17.0.8\bin\java.exe
0x00007ffcbe7d0000 - 0x00007ffcbe9c8000 	C:\Windows\SYSTEM32\ntdll.dll
0x00007ffcbd7e0000 - 0x00007ffcbd89d000 	C:\Windows\System32\KERNEL32.DLL
0x00007ffcbc220000 - 0x00007ffcbc516000 	C:\Windows\System32\KERNELBASE.dll
0x00007ffcbbe90000 - 0x00007ffcbbf90000 	C:\Windows\System32\ucrtbase.dll
0x00007ffc9e910000 - 0x00007ffc9e925000 	C:\Users\teacher.DESKTOP-MTTTSJM\.jdks\corretto-17.0.8\bin\VCRUNTIME140.dll
0x00007ffca1840000 - 0x00007ffca1857000 	C:\Users\teacher.DESKTOP-MTTTSJM\.jdks\corretto-17.0.8\bin\jli.dll
0x00007ffcbd8a0000 - 0x00007ffcbda3f000 	C:\Windows\System32\USER32.dll
0x00007ffca91b0000 - 0x00007ffca944a000 	C:\Windows\WinSxS\amd64_microsoft.windows.common-controls_6595b64144ccf1df_6.0.19041.4355_none_60b8b9eb71f62e16\COMCTL32.dll
0x00007ffcbcd40000 - 0x00007ffcbcdde000 	C:\Windows\System32\msvcrt.dll
0x00007ffcbc520000 - 0x00007ffcbc542000 	C:\Windows\System32\win32u.dll
0x00007ffcbcd10000 - 0x00007ffcbcd3b000 	C:\Windows\System32\GDI32.dll
0x00007ffcbc550000 - 0x00007ffcbc667000 	C:\Windows\System32\gdi32full.dll
0x00007ffcbc670000 - 0x00007ffcbc70d000 	C:\Windows\System32\msvcp_win.dll
0x00007ffcbcaf0000 - 0x00007ffcbcb1f000 	C:\Windows\System32\IMM32.DLL
0x00007ffc91df0000 - 0x00007ffc91e8b000 	C:\Users\teacher.DESKTOP-MTTTSJM\.jdks\corretto-17.0.8\bin\msvcp140.dll
0x00007ffc48e90000 - 0x00007ffc49aad000 	C:\Users\teacher.DESKTOP-MTTTSJM\.jdks\corretto-17.0.8\bin\server\jvm.dll
0x00007ffcbe2d0000 - 0x00007ffcbe380000 	C:\Windows\System32\ADVAPI32.dll
0x00007ffcbe230000 - 0x00007ffcbe2d0000 	C:\Windows\System32\sechost.dll
0x00007ffcbcea0000 - 0x00007ffcbcfc3000 	C:\Windows\System32\RPCRT4.dll
0x00007ffcbbf90000 - 0x00007ffcbbfb7000 	C:\Windows\System32\bcrypt.dll
0x00007ffcbbc30000 - 0x00007ffcbbc7b000 	C:\Windows\SYSTEM32\POWRPROF.dll
0x00007ffcb4090000 - 0x00007ffcb4099000 	C:\Windows\SYSTEM32\WSOCK32.dll
0x00007ffcbcfd0000 - 0x00007ffcbd03b000 	C:\Windows\System32\WS2_32.dll
0x00007ffcad8f0000 - 0x00007ffcad917000 	C:\Windows\SYSTEM32\WINMM.dll
0x00007ffcb6d70000 - 0x00007ffcb6d7a000 	C:\Windows\SYSTEM32\VERSION.dll
0x00007ffcbbc10000 - 0x00007ffcbbc22000 	C:\Windows\SYSTEM32\UMPDC.dll
0x00007ffcb9cf0000 - 0x00007ffcb9d02000 	C:\Windows\SYSTEM32\kernel.appcore.dll
0x00007ffca18f0000 - 0x00007ffca18fa000 	C:\Users\teacher.DESKTOP-MTTTSJM\.jdks\corretto-17.0.8\bin\jimage.dll
0x00007ffcb4250000 - 0x00007ffcb4434000 	C:\Windows\SYSTEM32\DBGHELP.DLL
0x00007ffcb4150000 - 0x00007ffcb4184000 	C:\Windows\SYSTEM32\dbgcore.DLL
0x00007ffcbc710000 - 0x00007ffcbc792000 	C:\Windows\System32\bcryptPrimitives.dll
0x00007ffcb7c90000 - 0x00007ffcb7c9e000 	C:\Users\teacher.DESKTOP-MTTTSJM\.jdks\corretto-17.0.8\bin\instrument.dll
0x00007ffc98380000 - 0x00007ffc983a5000 	C:\Users\teacher.DESKTOP-MTTTSJM\.jdks\corretto-17.0.8\bin\java.dll

dbghelp: loaded successfully - version: 4.0.5 - missing functions: none
symbol engine: initialized successfully - sym options: 0x614 - pdb path: .;C:\Users\teacher.DESKTOP-MTTTSJM\.jdks\corretto-17.0.8\bin;C:\Windows\SYSTEM32;C:\Windows\WinSxS\amd64_microsoft.windows.common-controls_6595b64144ccf1df_6.0.19041.4355_none_60b8b9eb71f62e16;C:\Users\teacher.DESKTOP-MTTTSJM\.jdks\corretto-17.0.8\bin\server

VM Arguments:
jvm_args: -XX:TieredStopAtLevel=1 -Dspring.output.ansi.enabled=always -Dcom.sun.management.jmxremote -Dspring.jmx.enabled=true -Dspring.liveBeansView.mbeanDomain -Dspring.application.admin.enabled=true -Dmanagement.endpoints.jmx.exposure.include=* -javaagent:C:\Program Files\JetBrains\IntelliJ IDEA 2024.1.2\lib\idea_rt.jar=65411:C:\Program Files\JetBrains\IntelliJ IDEA 2024.1.2\bin -Dfile.encoding=UTF-8 
java_command: com.example.cacheexample.CacheExampleApplication
java_class_path (initial): C:\Java\cache-example\target\classes;C:\Users\teacher.DESKTOP-MTTTSJM\.m2\repository\org\springframework\boot\spring-boot-starter-cache\3.3.0\spring-boot-starter-cache-3.3.0.jar;C:\Users\teacher.DESKTOP-MTTTSJM\.m2\repository\org\springframework\boot\spring-boot-starter\3.3.0\spring-boot-starter-3.3.0.jar;C:\Users\teacher.DESKTOP-MTTTSJM\.m2\repository\org\springframework\boot\spring-boot\3.3.0\spring-boot-3.3.0.jar;C:\Users\teacher.DESKTOP-MTTTSJM\.m2\repository\org\springframework\boot\spring-boot-autoconfigure\3.3.0\spring-boot-autoconfigure-3.3.0.jar;C:\Users\teacher.DESKTOP-MTTTSJM\.m2\repository\org\springframework\boot\spring-boot-starter-logging\3.3.0\spring-boot-starter-logging-3.3.0.jar;C:\Users\teacher.DESKTOP-MTTTSJM\.m2\repository\ch\qos\logback\logback-classic\1.5.6\logback-classic-1.5.6.jar;C:\Users\teacher.DESKTOP-MTTTSJM\.m2\repository\ch\qos\logback\logback-core\1.5.6\logback-core-1.5.6.jar;C:\Users\teacher.DESKTOP-MTTTSJM\.m2\repository\org\apache\logging\log4j\log4j-to-slf4j\2.23.1\log4j-to-slf4j-2.23.1.jar;C:\Users\teacher.DESKTOP-MTTTSJM\.m2\repository\org\apache\logging\log4j\log4j-api\2.23.1\log4j-api-2.23.1.jar;C:\Users\teacher.DESKTOP-MTTTSJM\.m2\repository\org\slf4j\jul-to-slf4j\2.0.13\jul-to-slf4j-2.0.13.jar;C:\Users\teacher.DESKTOP-MTTTSJM\.m2\repository\jakarta\annotation\jakarta.annotation-api\2.1.1\jakarta.annotation-api-2.1.1.jar;C:\Users\teacher.DESKTOP-MTTTSJM\.m2\repository\org\yaml\snakeyaml\2.2\snakeyaml-2.2.jar;C:\Users\teacher.DESKTOP-MTTTSJM\.m2\repository\org\springframework\spring-context-support\6.1.8\spring-context-support-6.1.8.jar;C:\Users\teacher.DESKTOP-MTTTSJM\.m2\repository\org\springframework\spring-beans\6.1.8\spring-beans-6.1.8.jar;C:\Users\teacher.DESKTOP-MTTTSJM\.m2\repository\org\springframework\spring-context\6.1.8\spring-context-6.1.8.jar;C:\Users\teacher.DESKTOP-MTTTSJM\.m2\repository\org\springframework\boot\spring-boot-starter-data-jpa\3.3.0\spring-boot-starter-data-jpa-3.3.0.
Launcher Type: SUN_STANDARD

[Global flags]
     intx CICompilerCount                          = 4                                         {product} {ergonomic}
     uint ConcGCThreads                            = 2                                         {product} {ergonomic}
     uint G1ConcRefinementThreads                  = 8                                         {product} {ergonomic}
   size_t G1HeapRegionSize                         = 2097152                                   {product} {ergonomic}
    uintx GCDrainStackTargetSize                   = 64                                        {product} {ergonomic}
   size_t InitialHeapSize                          = 266338304                                 {product} {ergonomic}
     bool ManagementServer                         = true                                      {product} {command line}
   size_t MarkStackSize                            = 4194304                                   {product} {ergonomic}
   size_t MaxHeapSize                              = 4238344192                                {product} {ergonomic}
   size_t MinHeapDeltaBytes                        = 2097152                                   {product} {ergonomic}
   size_t MinHeapSize                              = 8388608                                   {product} {ergonomic}
    uintx NonProfiledCodeHeapSize                  = 0                                      {pd product} {ergonomic}
     bool ProfileInterpreter                       = false                                  {pd product} {command line}
    uintx ProfiledCodeHeapSize                     = 0                                      {pd product} {ergonomic}
   size_t SoftMaxHeapSize                          = 4238344192                             {manageable} {ergonomic}
     intx TieredStopAtLevel                        = 1                                         {product} {command line}
     bool UseCompressedClassPointers               = true                           {product lp64_product} {ergonomic}
     bool UseCompressedOops                        = true                           {product lp64_product} {ergonomic}
     bool UseG1GC                                  = true                                      {product} {ergonomic}
     bool UseLargePagesIndividualAllocation        = false                                  {pd product} {ergonomic}

Logging:
Log output configuration:
 #0: stdout all=warning uptime,level,tags
 #1: stderr all=off uptime,level,tags

Environment Variables:
JAVA_HOME=C:\Program Files\Java\jdk-17
PATH=C:\Program Files\Java\jdk-17\bin;C:\Program Files\Docker\Docker\resources\bin;C:\Program Files\PuTTY\;C:\Program Files\Git\cmd;C:\Program Files\Microsoft SQL Server\150\Tools\Binn\;C:\Program Files\Microsoft SQL Server\Client SDK\ODBC\170\Tools\Binn\;C:\Program Files\dotnet\;C:\Program Files\nodejs\;C:\Users\teacher.DESKTOP-MTTTSJM\AppData\Local\Microsoft\WindowsApps;C:\Program Files\JetBrains\IntelliJ IDEA Community Edition 2023.2.1\bin;;C:\Program Files\Java\jdk-17\bin;C:\Users\teacher.DESKTOP-MTTTSJM\AppData\Local\Programs\Microsoft VS Code\bin;C:\Users\teacher.DESKTOP-MTTTSJM\.dotnet\tools;C:\Users\teacher.DESKTOP-MTTTSJM\miniconda3;C:\Users\teacher.DESKTOP-MTTTSJM\miniconda3\Scripts;C:\Users\teacher.DESKTOP-MTTTSJM\miniconda3\Library\bin;C:\Users\teacher.DESKTOP-MTTTSJM\AppData\Roaming\npm;C:\Program Files\JetBrains\IntelliJ IDEA 2024.1.2\bin;
USERNAME=teacher
OS=Windows_NT
PROCESSOR_IDENTIFIER=Intel64 Family 6 Model 165 Stepping 3, GenuineIntel
TMP=C:\Users\TEACHE~1.DES\AppData\Local\Temp
TEMP=C:\Users\TEACHE~1.DES\AppData\Local\Temp



---------------  S Y S T E M  ---------------

OS:
 Windows 10 , 64 bit Build 19041 (10.0.19041.3636)
OS uptime: 1 days 0:07 hours
Hyper-V role detected

CPU: total 8 (initial active 8) (4 cores per cpu, 2 threads per core) family 6 model 165 stepping 3 microcode 0xea, cx8, cmov, fxsr, ht, mmx, 3dnowpref, sse, sse2, sse3, ssse3, sse4.1, sse4.2, popcnt, lzcnt, tsc, tscinvbit, avx, avx2, aes, erms, clmul, bmi1, bmi2, adx, fma, vzeroupper, clflush, clflushopt, hv
Processor Information for all 8 processors :
  Max Mhz: 3696, Current Mhz: 3696, Mhz Limit: 3696

Memory: 4k page, system-wide physical 16165M (2356M free)
TotalPageFile size 21408M (AvailPageFile size 127M)
current process WorkingSet (physical memory assigned to process): 10M, peak: 10M
current process commit charge ("private bytes"): 55M, peak: 309M

vm_info: OpenJDK 64-Bit Server VM (17.0.8+7-LTS) for windows-amd64 JRE (17.0.8+7-LTS), built on Jul 10 2023 20:26:03 by "Administrator" with MS VC++ 15.9 (VS2017)

END.
