2024-03-01T19:12:43.561+02:00  INFO 17912 --- [main] org.example.aop.AopApplication           : Starting AopApplication using Java 17.0.10 with PID 17912 (C:\Users\User\Desktop\AOP\target\classes started by User in C:\Users\User\Desktop\AOP)
2024-03-01T19:12:43.564+02:00  INFO 17912 --- [main] org.example.aop.AopApplication           : No active profile set, falling back to 1 default profile: "default"
2024-03-01T19:12:44.347+02:00  INFO 17912 --- [main] o.s.b.w.embedded.tomcat.TomcatWebServer  : Tomcat initialized with port 8080 (http)
2024-03-01T19:12:44.353+02:00  INFO 17912 --- [main] o.apache.catalina.core.StandardService   : Starting service [Tomcat]
2024-03-01T19:12:44.353+02:00  INFO 17912 --- [main] o.apache.catalina.core.StandardEngine    : Starting Servlet engine: [Apache Tomcat/10.1.19]
2024-03-01T19:12:44.385+02:00  INFO 17912 --- [main] o.a.c.c.C.[Tomcat].[localhost].[/]       : Initializing Spring embedded WebApplicationContext
2024-03-01T19:12:44.385+02:00  INFO 17912 --- [main] w.s.c.ServletWebServerApplicationContext : Root WebApplicationContext: initialization completed in 788 ms
2024-03-01T19:12:44.600+02:00 DEBUG 17912 --- [main] s.w.s.m.m.a.RequestMappingHandlerMapping : 5 mappings in 'requestMappingHandlerMapping'
2024-03-01T19:12:44.769+02:00 DEBUG 17912 --- [main] o.s.w.s.handler.SimpleUrlHandlerMapping  : Patterns [/webjars/**, /**] in 'resourceHandlerMapping'
2024-03-01T19:12:44.812+02:00 DEBUG 17912 --- [main] s.w.s.m.m.a.RequestMappingHandlerAdapter : ControllerAdvice beans: 0 @ModelAttribute, 0 @InitBinder, 1 RequestBodyAdvice, 1 ResponseBodyAdvice
2024-03-01T19:12:44.858+02:00 DEBUG 17912 --- [main] .m.m.a.ExceptionHandlerExceptionResolver : ControllerAdvice beans: 0 @ExceptionHandler, 1 ResponseBodyAdvice
2024-03-01T19:12:44.979+02:00  INFO 17912 --- [main] o.s.b.w.embedded.tomcat.TomcatWebServer  : Tomcat started on port 8080 (http) with context path ''
2024-03-01T19:12:44.985+02:00  INFO 17912 --- [main] org.example.aop.AopApplication           : Started AopApplication in 1.702 seconds (process running for 2.114)
2024-03-01T19:15:12.374+02:00  INFO 20488 --- [main] org.example.aop.AopApplication           : Starting AopApplication using Java 17.0.10 with PID 20488 (C:\Users\User\Desktop\AOP\target\classes started by User in C:\Users\User\Desktop\AOP)
2024-03-01T19:15:12.375+02:00  INFO 20488 --- [main] org.example.aop.AopApplication           : No active profile set, falling back to 1 default profile: "default"
2024-03-01T19:15:12.900+02:00 DEBUG 20488 --- [main] o.a.catalina.core.AprLifecycleListener   : The Apache Tomcat Native library could not be found using names [tcnative-2, libtcnative-2, tcnative-1, libtcnative-1] on the java.library.path [C:\Users\User\.jdks\corretto-17.0.10\bin;C:\Windows\Sun\Java\bin;C:\Windows\system32;C:\Windows;C:\Program Files (x86)\Common Files\Intel\Shared Libraries\redist\intel64\compiler;D:\Soft\jdk-17;C:\Program Files\Common Files\Oracle\Java\javapath;C:\Program Files (x86)\Common Files\Oracle\Java\javapath;C:\Windows\system32;C:\Windows;C:\Windows\System32\Wbem;C:\Windows\System32\WindowsPowerShell\v1.0\;C:\Windows\System32\OpenSSH\;C:\Program Files (x86)\NVIDIA Corporation\PhysX\Common;C:\Program Files\NVIDIA Corporation\NVIDIA NvDLISR;D:\Soft\Git\cmd;D:\Soft\nodejs\;C:\Program Files\Docker\Docker\resources\bin;D:\Soft\apache-maven-3.9.6\bin;C:\Users\User\AppData\Local\Microsoft\WindowsApps;C:\Soft\VSCode\Microsoft VS Code\bin;D:\Soft\IntelliJ IDEA Community Edition 2023.2.5\bin;D:\Soft\PyCharm Community Edition 2023.2.5\bin;C:\Users\User\AppData\Roaming\npm;C:\Users\User\AppData\Local\JetBrains\Toolbox\scripts;;D:\Soft\IntelliJ IDEA 2023.3.3\bin;;D:\Soft\PyCharm 2023.3.3\bin;;.]. The errors reported were [Can't load library: C:\Users\User\Desktop\AOP\bin\tcnative-2.dll, Can't load library: C:\Users\User\Desktop\AOP\bin\libtcnative-2.dll, Can't load library: C:\Users\User\Desktop\AOP\bin\tcnative-1.dll, Can't load library: C:\Users\User\Desktop\AOP\bin\libtcnative-1.dll, no tcnative-2 in java.library.path: C:\Users\User\.jdks\corretto-17.0.10\bin;C:\Windows\Sun\Java\bin;C:\Windows\system32;C:\Windows;C:\Program Files (x86)\Common Files\Intel\Shared Libraries\redist\intel64\compiler;D:\Soft\jdk-17;C:\Program Files\Common Files\Oracle\Java\javapath;C:\Program Files (x86)\Common Files\Oracle\Java\javapath;C:\Windows\system32;C:\Windows;C:\Windows\System32\Wbem;C:\Windows\System32\WindowsPowerShell\v1.0\;C:\Windows\System32\OpenSSH\;C:\Program Files (x86)\NVIDIA Corporation\PhysX\Common;C:\Program Files\NVIDIA Corporation\NVIDIA NvDLISR;D:\Soft\Git\cmd;D:\Soft\nodejs\;C:\Program Files\Docker\Docker\resources\bin;D:\Soft\apache-maven-3.9.6\bin;C:\Users\User\AppData\Local\Microsoft\WindowsApps;C:\Soft\VSCode\Microsoft VS Code\bin;D:\Soft\IntelliJ IDEA Community Edition 2023.2.5\bin;D:\Soft\PyCharm Community Edition 2023.2.5\bin;C:\Users\User\AppData\Roaming\npm;C:\Users\User\AppData\Local\JetBrains\Toolbox\scripts;;D:\Soft\IntelliJ IDEA 2023.3.3\bin;;D:\Soft\PyCharm 2023.3.3\bin;;., no libtcnative-2 in java.library.path: C:\Users\User\.jdks\corretto-17.0.10\bin;C:\Windows\Sun\Java\bin;C:\Windows\system32;C:\Windows;C:\Program Files (x86)\Common Files\Intel\Shared Libraries\redist\intel64\compiler;D:\Soft\jdk-17;C:\Program Files\Common Files\Oracle\Java\javapath;C:\Program Files (x86)\Common Files\Oracle\Java\javapath;C:\Windows\system32;C:\Windows;C:\Windows\System32\Wbem;C:\Windows\System32\WindowsPowerShell\v1.0\;C:\Windows\System32\OpenSSH\;C:\Program Files (x86)\NVIDIA Corporation\PhysX\Common;C:\Program Files\NVIDIA Corporation\NVIDIA NvDLISR;D:\Soft\Git\cmd;D:\Soft\nodejs\;C:\Program Files\Docker\Docker\resources\bin;D:\Soft\apache-maven-3.9.6\bin;C:\Users\User\AppData\Local\Microsoft\WindowsApps;C:\Soft\VSCode\Microsoft VS Code\bin;D:\Soft\IntelliJ IDEA Community Edition 2023.2.5\bin;D:\Soft\PyCharm Community Edition 2023.2.5\bin;C:\Users\User\AppData\Roaming\npm;C:\Users\User\AppData\Local\JetBrains\Toolbox\scripts;;D:\Soft\IntelliJ IDEA 2023.3.3\bin;;D:\Soft\PyCharm 2023.3.3\bin;;., no tcnative-1 in java.library.path: C:\Users\User\.jdks\corretto-17.0.10\bin;C:\Windows\Sun\Java\bin;C:\Windows\system32;C:\Windows;C:\Program Files (x86)\Common Files\Intel\Shared Libraries\redist\intel64\compiler;D:\Soft\jdk-17;C:\Program Files\Common Files\Oracle\Java\javapath;C:\Program Files (x86)\Common Files\Oracle\Java\javapath;C:\Windows\system32;C:\Windows;C:\Windows\System32\Wbem;C:\Windows\System32\WindowsPowerShell\v1.0\;C:\Windows\System32\OpenSSH\;C:\Program Files (x86)\NVIDIA Corporation\PhysX\Common;C:\Program Files\NVIDIA Corporation\NVIDIA NvDLISR;D:\Soft\Git\cmd;D:\Soft\nodejs\;C:\Program Files\Docker\Docker\resources\bin;D:\Soft\apache-maven-3.9.6\bin;C:\Users\User\AppData\Local\Microsoft\WindowsApps;C:\Soft\VSCode\Microsoft VS Code\bin;D:\Soft\IntelliJ IDEA Community Edition 2023.2.5\bin;D:\Soft\PyCharm Community Edition 2023.2.5\bin;C:\Users\User\AppData\Roaming\npm;C:\Users\User\AppData\Local\JetBrains\Toolbox\scripts;;D:\Soft\IntelliJ IDEA 2023.3.3\bin;;D:\Soft\PyCharm 2023.3.3\bin;;., no libtcnative-1 in java.library.path: C:\Users\User\.jdks\corretto-17.0.10\bin;C:\Windows\Sun\Java\bin;C:\Windows\system32;C:\Windows;C:\Program Files (x86)\Common Files\Intel\Shared Libraries\redist\intel64\compiler;D:\Soft\jdk-17;C:\Program Files\Common Files\Oracle\Java\javapath;C:\Program Files (x86)\Common Files\Oracle\Java\javapath;C:\Windows\system32;C:\Windows;C:\Windows\System32\Wbem;C:\Windows\System32\WindowsPowerShell\v1.0\;C:\Windows\System32\OpenSSH\;C:\Program Files (x86)\NVIDIA Corporation\PhysX\Common;C:\Program Files\NVIDIA Corporation\NVIDIA NvDLISR;D:\Soft\Git\cmd;D:\Soft\nodejs\;C:\Program Files\Docker\Docker\resources\bin;D:\Soft\apache-maven-3.9.6\bin;C:\Users\User\AppData\Local\Microsoft\WindowsApps;C:\Soft\VSCode\Microsoft VS Code\bin;D:\Soft\IntelliJ IDEA Community Edition 2023.2.5\bin;D:\Soft\PyCharm Community Edition 2023.2.5\bin;C:\Users\User\AppData\Roaming\npm;C:\Users\User\AppData\Local\JetBrains\Toolbox\scripts;;D:\Soft\IntelliJ IDEA 2023.3.3\bin;;D:\Soft\PyCharm 2023.3.3\bin;;.]

org.apache.tomcat.jni.LibraryNotFoundError: Can't load library: C:\Users\User\Desktop\AOP\bin\tcnative-2.dll, Can't load library: C:\Users\User\Desktop\AOP\bin\libtcnative-2.dll, Can't load library: C:\Users\User\Desktop\AOP\bin\tcnative-1.dll, Can't load library: C:\Users\User\Desktop\AOP\bin\libtcnative-1.dll, no tcnative-2 in java.library.path: C:\Users\User\.jdks\corretto-17.0.10\bin;C:\Windows\Sun\Java\bin;C:\Windows\system32;C:\Windows;C:\Program Files (x86)\Common Files\Intel\Shared Libraries\redist\intel64\compiler;D:\Soft\jdk-17;C:\Program Files\Common Files\Oracle\Java\javapath;C:\Program Files (x86)\Common Files\Oracle\Java\javapath;C:\Windows\system32;C:\Windows;C:\Windows\System32\Wbem;C:\Windows\System32\WindowsPowerShell\v1.0\;C:\Windows\System32\OpenSSH\;C:\Program Files (x86)\NVIDIA Corporation\PhysX\Common;C:\Program Files\NVIDIA Corporation\NVIDIA NvDLISR;D:\Soft\Git\cmd;D:\Soft\nodejs\;C:\Program Files\Docker\Docker\resources\bin;D:\Soft\apache-maven-3.9.6\bin;C:\Users\User\AppData\Local\Microsoft\WindowsApps;C:\Soft\VSCode\Microsoft VS Code\bin;D:\Soft\IntelliJ IDEA Community Edition 2023.2.5\bin;D:\Soft\PyCharm Community Edition 2023.2.5\bin;C:\Users\User\AppData\Roaming\npm;C:\Users\User\AppData\Local\JetBrains\Toolbox\scripts;;D:\Soft\IntelliJ IDEA 2023.3.3\bin;;D:\Soft\PyCharm 2023.3.3\bin;;., no libtcnative-2 in java.library.path: C:\Users\User\.jdks\corretto-17.0.10\bin;C:\Windows\Sun\Java\bin;C:\Windows\system32;C:\Windows;C:\Program Files (x86)\Common Files\Intel\Shared Libraries\redist\intel64\compiler;D:\Soft\jdk-17;C:\Program Files\Common Files\Oracle\Java\javapath;C:\Program Files (x86)\Common Files\Oracle\Java\javapath;C:\Windows\system32;C:\Windows;C:\Windows\System32\Wbem;C:\Windows\System32\WindowsPowerShell\v1.0\;C:\Windows\System32\OpenSSH\;C:\Program Files (x86)\NVIDIA Corporation\PhysX\Common;C:\Program Files\NVIDIA Corporation\NVIDIA NvDLISR;D:\Soft\Git\cmd;D:\Soft\nodejs\;C:\Program Files\Docker\Docker\resources\bin;D:\Soft\apache-maven-3.9.6\bin;C:\Users\User\AppData\Local\Microsoft\WindowsApps;C:\Soft\VSCode\Microsoft VS Code\bin;D:\Soft\IntelliJ IDEA Community Edition 2023.2.5\bin;D:\Soft\PyCharm Community Edition 2023.2.5\bin;C:\Users\User\AppData\Roaming\npm;C:\Users\User\AppData\Local\JetBrains\Toolbox\scripts;;D:\Soft\IntelliJ IDEA 2023.3.3\bin;;D:\Soft\PyCharm 2023.3.3\bin;;., no tcnative-1 in java.library.path: C:\Users\User\.jdks\corretto-17.0.10\bin;C:\Windows\Sun\Java\bin;C:\Windows\system32;C:\Windows;C:\Program Files (x86)\Common Files\Intel\Shared Libraries\redist\intel64\compiler;D:\Soft\jdk-17;C:\Program Files\Common Files\Oracle\Java\javapath;C:\Program Files (x86)\Common Files\Oracle\Java\javapath;C:\Windows\system32;C:\Windows;C:\Windows\System32\Wbem;C:\Windows\System32\WindowsPowerShell\v1.0\;C:\Windows\System32\OpenSSH\;C:\Program Files (x86)\NVIDIA Corporation\PhysX\Common;C:\Program Files\NVIDIA Corporation\NVIDIA NvDLISR;D:\Soft\Git\cmd;D:\Soft\nodejs\;C:\Program Files\Docker\Docker\resources\bin;D:\Soft\apache-maven-3.9.6\bin;C:\Users\User\AppData\Local\Microsoft\WindowsApps;C:\Soft\VSCode\Microsoft VS Code\bin;D:\Soft\IntelliJ IDEA Community Edition 2023.2.5\bin;D:\Soft\PyCharm Community Edition 2023.2.5\bin;C:\Users\User\AppData\Roaming\npm;C:\Users\User\AppData\Local\JetBrains\Toolbox\scripts;;D:\Soft\IntelliJ IDEA 2023.3.3\bin;;D:\Soft\PyCharm 2023.3.3\bin;;., no libtcnative-1 in java.library.path: C:\Users\User\.jdks\corretto-17.0.10\bin;C:\Windows\Sun\Java\bin;C:\Windows\system32;C:\Windows;C:\Program Files (x86)\Common Files\Intel\Shared Libraries\redist\intel64\compiler;D:\Soft\jdk-17;C:\Program Files\Common Files\Oracle\Java\javapath;C:\Program Files (x86)\Common Files\Oracle\Java\javapath;C:\Windows\system32;C:\Windows;C:\Windows\System32\Wbem;C:\Windows\System32\WindowsPowerShell\v1.0\;C:\Windows\System32\OpenSSH\;C:\Program Files (x86)\NVIDIA Corporation\PhysX\Common;C:\Program Files\NVIDIA Corporation\NVIDIA NvDLISR;D:\Soft\Git\cmd;D:\Soft\nodejs\;C:\Program Files\Docker\Docker\resources\bin;D:\Soft\apache-maven-3.9.6\bin;C:\Users\User\AppData\Local\Microsoft\WindowsApps;C:\Soft\VSCode\Microsoft VS Code\bin;D:\Soft\IntelliJ IDEA Community Edition 2023.2.5\bin;D:\Soft\PyCharm Community Edition 2023.2.5\bin;C:\Users\User\AppData\Roaming\npm;C:\Users\User\AppData\Local\JetBrains\Toolbox\scripts;;D:\Soft\IntelliJ IDEA 2023.3.3\bin;;D:\Soft\PyCharm 2023.3.3\bin;;.
	at org.apache.tomcat.jni.Library.<init>(Library.java:91) ~[tomcat-embed-core-10.1.19.jar:10.1.19]
	at org.apache.tomcat.jni.Library.initialize(Library.java:147) ~[tomcat-embed-core-10.1.19.jar:10.1.19]
	at org.apache.catalina.core.AprLifecycleListener.init(AprLifecycleListener.java:189) ~[tomcat-embed-core-10.1.19.jar:10.1.19]
	at org.apache.catalina.core.AprLifecycleListener.isAprAvailable(AprLifecycleListener.java:106) ~[tomcat-embed-core-10.1.19.jar:10.1.19]
	at org.springframework.boot.web.embedded.tomcat.TomcatServletWebServerFactory.getDefaultServerLifecycleListeners(TomcatServletWebServerFactory.java:189) ~[spring-boot-3.2.3.jar:3.2.3]
	at org.springframework.boot.web.embedded.tomcat.TomcatServletWebServerFactory.<init>(TomcatServletWebServerFactory.java:136) ~[spring-boot-3.2.3.jar:3.2.3]
	at org.springframework.boot.autoconfigure.web.servlet.ServletWebServerFactoryConfiguration$EmbeddedTomcat.tomcatServletWebServerFactory(ServletWebServerFactoryConfiguration.java:73) ~[spring-boot-autoconfigure-3.2.3.jar:3.2.3]
	at java.base/jdk.internal.reflect.NativeMethodAccessorImpl.invoke0(Native Method) ~[na:na]
	at java.base/jdk.internal.reflect.NativeMethodAccessorImpl.invoke(NativeMethodAccessorImpl.java:77) ~[na:na]
	at java.base/jdk.internal.reflect.DelegatingMethodAccessorImpl.invoke(DelegatingMethodAccessorImpl.java:43) ~[na:na]
	at java.base/java.lang.reflect.Method.invoke(Method.java:568) ~[na:na]
	at org.springframework.beans.factory.support.SimpleInstantiationStrategy.instantiate(SimpleInstantiationStrategy.java:140) ~[spring-beans-6.1.4.jar:6.1.4]
	at org.springframework.beans.factory.support.ConstructorResolver.instantiate(ConstructorResolver.java:647) ~[spring-beans-6.1.4.jar:6.1.4]
	at org.springframework.beans.factory.support.ConstructorResolver.instantiateUsingFactoryMethod(ConstructorResolver.java:639) ~[spring-beans-6.1.4.jar:6.1.4]
	at org.springframework.beans.factory.support.AbstractAutowireCapableBeanFactory.instantiateUsingFactoryMethod(AbstractAutowireCapableBeanFactory.java:1335) ~[spring-beans-6.1.4.jar:6.1.4]
	at org.springframework.beans.factory.support.AbstractAutowireCapableBeanFactory.createBeanInstance(AbstractAutowireCapableBeanFactory.java:1165) ~[spring-beans-6.1.4.jar:6.1.4]
	at org.springframework.beans.factory.support.AbstractAutowireCapableBeanFactory.doCreateBean(AbstractAutowireCapableBeanFactory.java:562) ~[spring-beans-6.1.4.jar:6.1.4]
	at org.springframework.beans.factory.support.AbstractAutowireCapableBeanFactory.createBean(AbstractAutowireCapableBeanFactory.java:522) ~[spring-beans-6.1.4.jar:6.1.4]
	at org.springframework.beans.factory.support.AbstractBeanFactory.lambda$doGetBean$0(AbstractBeanFactory.java:325) ~[spring-beans-6.1.4.jar:6.1.4]
	at org.springframework.beans.factory.support.DefaultSingletonBeanRegistry.getSingleton(DefaultSingletonBeanRegistry.java:234) ~[spring-beans-6.1.4.jar:6.1.4]
	at org.springframework.beans.factory.support.AbstractBeanFactory.doGetBean(AbstractBeanFactory.java:323) ~[spring-beans-6.1.4.jar:6.1.4]
	at org.springframework.beans.factory.support.AbstractBeanFactory.getBean(AbstractBeanFactory.java:204) ~[spring-beans-6.1.4.jar:6.1.4]
	at org.springframework.boot.web.servlet.context.ServletWebServerApplicationContext.getWebServerFactory(ServletWebServerApplicationContext.java:223) ~[spring-boot-3.2.3.jar:3.2.3]
	at org.springframework.boot.web.servlet.context.ServletWebServerApplicationContext.createWebServer(ServletWebServerApplicationContext.java:186) ~[spring-boot-3.2.3.jar:3.2.3]
	at org.springframework.boot.web.servlet.context.ServletWebServerApplicationContext.onRefresh(ServletWebServerApplicationContext.java:162) ~[spring-boot-3.2.3.jar:3.2.3]
	at org.springframework.context.support.AbstractApplicationContext.refresh(AbstractApplicationContext.java:618) ~[spring-context-6.1.4.jar:6.1.4]
	at org.springframework.boot.web.servlet.context.ServletWebServerApplicationContext.refresh(ServletWebServerApplicationContext.java:146) ~[spring-boot-3.2.3.jar:3.2.3]
	at org.springframework.boot.SpringApplication.refresh(SpringApplication.java:754) ~[spring-boot-3.2.3.jar:3.2.3]
	at org.springframework.boot.SpringApplication.refreshContext(SpringApplication.java:456) ~[spring-boot-3.2.3.jar:3.2.3]
	at org.springframework.boot.SpringApplication.run(SpringApplication.java:334) ~[spring-boot-3.2.3.jar:3.2.3]
	at org.springframework.boot.SpringApplication.run(SpringApplication.java:1354) ~[spring-boot-3.2.3.jar:3.2.3]
	at org.springframework.boot.SpringApplication.run(SpringApplication.java:1343) ~[spring-boot-3.2.3.jar:3.2.3]
	at org.example.aop.AopApplication.main(AopApplication.java:10) ~[classes/:na]

2024-03-01T19:15:13.139+02:00 DEBUG 20488 --- [main] o.apache.tomcat.util.compat.Jre19Compat  : Class not found so assuming code is running on a pre-Java 19 JVM

java.lang.ClassNotFoundException: java.lang.WrongThreadException
	at java.base/jdk.internal.loader.BuiltinClassLoader.loadClass(BuiltinClassLoader.java:641) ~[na:na]
	at java.base/jdk.internal.loader.ClassLoaders$AppClassLoader.loadClass(ClassLoaders.java:188) ~[na:na]
	at java.base/java.lang.ClassLoader.loadClass(ClassLoader.java:525) ~[na:na]
	at java.base/java.lang.Class.forName0(Native Method) ~[na:na]
	at java.base/java.lang.Class.forName(Class.java:375) ~[na:na]
	at org.apache.tomcat.util.compat.Jre19Compat.<clinit>(Jre19Compat.java:37) ~[tomcat-embed-core-10.1.19.jar:10.1.19]
	at org.apache.tomcat.util.compat.JreCompat.<clinit>(JreCompat.java:55) ~[tomcat-embed-core-10.1.19.jar:10.1.19]
	at org.apache.catalina.startup.Tomcat.<clinit>(Tomcat.java:1193) ~[tomcat-embed-core-10.1.19.jar:10.1.19]
	at org.springframework.boot.web.embedded.tomcat.TomcatServletWebServerFactory.getWebServer(TomcatServletWebServerFactory.java:201) ~[spring-boot-3.2.3.jar:3.2.3]
	at org.springframework.boot.web.servlet.context.ServletWebServerApplicationContext.createWebServer(ServletWebServerApplicationContext.java:188) ~[spring-boot-3.2.3.jar:3.2.3]
	at org.springframework.boot.web.servlet.context.ServletWebServerApplicationContext.onRefresh(ServletWebServerApplicationContext.java:162) ~[spring-boot-3.2.3.jar:3.2.3]
	at org.springframework.context.support.AbstractApplicationContext.refresh(AbstractApplicationContext.java:618) ~[spring-context-6.1.4.jar:6.1.4]
	at org.springframework.boot.web.servlet.context.ServletWebServerApplicationContext.refresh(ServletWebServerApplicationContext.java:146) ~[spring-boot-3.2.3.jar:3.2.3]
	at org.springframework.boot.SpringApplication.refresh(SpringApplication.java:754) ~[spring-boot-3.2.3.jar:3.2.3]
	at org.springframework.boot.SpringApplication.refreshContext(SpringApplication.java:456) ~[spring-boot-3.2.3.jar:3.2.3]
	at org.springframework.boot.SpringApplication.run(SpringApplication.java:334) ~[spring-boot-3.2.3.jar:3.2.3]
	at org.springframework.boot.SpringApplication.run(SpringApplication.java:1354) ~[spring-boot-3.2.3.jar:3.2.3]
	at org.springframework.boot.SpringApplication.run(SpringApplication.java:1343) ~[spring-boot-3.2.3.jar:3.2.3]
	at org.example.aop.AopApplication.main(AopApplication.java:10) ~[classes/:na]

2024-03-01T19:15:13.140+02:00 DEBUG 20488 --- [main] o.apache.tomcat.util.compat.Jre21Compat  : Class not found so assuming code is running on a pre-Java 21 JVM

java.lang.ClassNotFoundException: java.lang.Thread$Builder
	at java.base/jdk.internal.loader.BuiltinClassLoader.loadClass(BuiltinClassLoader.java:641) ~[na:na]
	at java.base/jdk.internal.loader.ClassLoaders$AppClassLoader.loadClass(ClassLoaders.java:188) ~[na:na]
	at java.base/java.lang.ClassLoader.loadClass(ClassLoader.java:525) ~[na:na]
	at java.base/java.lang.Class.forName0(Native Method) ~[na:na]
	at java.base/java.lang.Class.forName(Class.java:375) ~[na:na]
	at org.apache.tomcat.util.compat.Jre21Compat.<clinit>(Jre21Compat.java:43) ~[tomcat-embed-core-10.1.19.jar:10.1.19]
	at org.apache.tomcat.util.compat.JreCompat.<clinit>(JreCompat.java:55) ~[tomcat-embed-core-10.1.19.jar:10.1.19]
	at org.apache.catalina.startup.Tomcat.<clinit>(Tomcat.java:1193) ~[tomcat-embed-core-10.1.19.jar:10.1.19]
	at org.springframework.boot.web.embedded.tomcat.TomcatServletWebServerFactory.getWebServer(TomcatServletWebServerFactory.java:201) ~[spring-boot-3.2.3.jar:3.2.3]
	at org.springframework.boot.web.servlet.context.ServletWebServerApplicationContext.createWebServer(ServletWebServerApplicationContext.java:188) ~[spring-boot-3.2.3.jar:3.2.3]
	at org.springframework.boot.web.servlet.context.ServletWebServerApplicationContext.onRefresh(ServletWebServerApplicationContext.java:162) ~[spring-boot-3.2.3.jar:3.2.3]
	at org.springframework.context.support.AbstractApplicationContext.refresh(AbstractApplicationContext.java:618) ~[spring-context-6.1.4.jar:6.1.4]
	at org.springframework.boot.web.servlet.context.ServletWebServerApplicationContext.refresh(ServletWebServerApplicationContext.java:146) ~[spring-boot-3.2.3.jar:3.2.3]
	at org.springframework.boot.SpringApplication.refresh(SpringApplication.java:754) ~[spring-boot-3.2.3.jar:3.2.3]
	at org.springframework.boot.SpringApplication.refreshContext(SpringApplication.java:456) ~[spring-boot-3.2.3.jar:3.2.3]
	at org.springframework.boot.SpringApplication.run(SpringApplication.java:334) ~[spring-boot-3.2.3.jar:3.2.3]
	at org.springframework.boot.SpringApplication.run(SpringApplication.java:1354) ~[spring-boot-3.2.3.jar:3.2.3]
	at org.springframework.boot.SpringApplication.run(SpringApplication.java:1343) ~[spring-boot-3.2.3.jar:3.2.3]
	at org.example.aop.AopApplication.main(AopApplication.java:10) ~[classes/:na]

2024-03-01T19:15:13.140+02:00 DEBUG 20488 --- [main] o.apache.tomcat.util.compat.Jre22Compat  : Class not found so assuming code is running on a pre-Java 22 JVM

java.lang.ClassNotFoundException: java.lang.foreign.MemorySegment
	at java.base/jdk.internal.loader.BuiltinClassLoader.loadClass(BuiltinClassLoader.java:641) ~[na:na]
	at java.base/jdk.internal.loader.ClassLoaders$AppClassLoader.loadClass(ClassLoaders.java:188) ~[na:na]
	at java.base/java.lang.ClassLoader.loadClass(ClassLoader.java:525) ~[na:na]
	at java.base/java.lang.Class.forName0(Native Method) ~[na:na]
	at java.base/java.lang.Class.forName(Class.java:375) ~[na:na]
	at org.apache.tomcat.util.compat.Jre22Compat.<clinit>(Jre22Compat.java:40) ~[tomcat-embed-core-10.1.19.jar:10.1.19]
	at org.apache.tomcat.util.compat.JreCompat.<clinit>(JreCompat.java:55) ~[tomcat-embed-core-10.1.19.jar:10.1.19]
	at org.apache.catalina.startup.Tomcat.<clinit>(Tomcat.java:1193) ~[tomcat-embed-core-10.1.19.jar:10.1.19]
	at org.springframework.boot.web.embedded.tomcat.TomcatServletWebServerFactory.getWebServer(TomcatServletWebServerFactory.java:201) ~[spring-boot-3.2.3.jar:3.2.3]
	at org.springframework.boot.web.servlet.context.ServletWebServerApplicationContext.createWebServer(ServletWebServerApplicationContext.java:188) ~[spring-boot-3.2.3.jar:3.2.3]
	at org.springframework.boot.web.servlet.context.ServletWebServerApplicationContext.onRefresh(ServletWebServerApplicationContext.java:162) ~[spring-boot-3.2.3.jar:3.2.3]
	at org.springframework.context.support.AbstractApplicationContext.refresh(AbstractApplicationContext.java:618) ~[spring-context-6.1.4.jar:6.1.4]
	at org.springframework.boot.web.servlet.context.ServletWebServerApplicationContext.refresh(ServletWebServerApplicationContext.java:146) ~[spring-boot-3.2.3.jar:3.2.3]
	at org.springframework.boot.SpringApplication.refresh(SpringApplication.java:754) ~[spring-boot-3.2.3.jar:3.2.3]
	at org.springframework.boot.SpringApplication.refreshContext(SpringApplication.java:456) ~[spring-boot-3.2.3.jar:3.2.3]
	at org.springframework.boot.SpringApplication.run(SpringApplication.java:334) ~[spring-boot-3.2.3.jar:3.2.3]
	at org.springframework.boot.SpringApplication.run(SpringApplication.java:1354) ~[spring-boot-3.2.3.jar:3.2.3]
	at org.springframework.boot.SpringApplication.run(SpringApplication.java:1343) ~[spring-boot-3.2.3.jar:3.2.3]
	at org.example.aop.AopApplication.main(AopApplication.java:10) ~[classes/:na]

2024-03-01T19:15:13.161+02:00 DEBUG 20488 --- [main] o.apache.tomcat.util.IntrospectionUtils  : IntrospectionUtils: setProperty(class org.apache.coyote.http11.Http11NioProtocol port=8080)
2024-03-01T19:15:13.174+02:00 DEBUG 20488 --- [main] org.apache.catalina.core.ContainerBase   : Add container child [StandardHost[localhost]] to container [StandardEngine[Tomcat]]
2024-03-01T19:15:13.187+02:00 DEBUG 20488 --- [main] org.apache.catalina.core.ContainerBase   : Add container child [TomcatEmbeddedContext[]] to container [StandardEngine[Tomcat].StandardHost[localhost]]
2024-03-01T19:15:13.190+02:00  INFO 20488 --- [main] o.s.b.w.embedded.tomcat.TomcatWebServer  : Tomcat initialized with port 8080 (http)
2024-03-01T19:15:13.192+02:00 DEBUG 20488 --- [main] org.apache.tomcat.util.net.NioEndpoint   : [bindOnInit] is [null]
2024-03-01T19:15:13.192+02:00 DEBUG 20488 --- [main] o.apache.tomcat.util.IntrospectionUtils  : IntrospectionUtils: setProperty(class org.apache.coyote.http11.Http11NioProtocol bindOnInit=false)
2024-03-01T19:15:13.193+02:00 DEBUG 20488 --- [main] org.apache.tomcat.util.net.NioEndpoint   : Set [bindOnInit] to [false]
2024-03-01T19:15:13.193+02:00 DEBUG 20488 --- [main] o.apache.tomcat.util.IntrospectionUtils  : IntrospectionUtils: setProperty(class org.apache.tomcat.util.net.NioEndpoint bindOnInit=false)
2024-03-01T19:15:13.201+02:00  INFO 20488 --- [main] o.apache.catalina.core.StandardService   : Starting service [Tomcat]
2024-03-01T19:15:13.202+02:00  INFO 20488 --- [main] o.apache.catalina.core.StandardEngine    : Starting Servlet engine: [Apache Tomcat/10.1.19]
2024-03-01T19:15:13.203+02:00 DEBUG 20488 --- [main] o.apache.catalina.core.StandardContext   : Starting ROOT
2024-03-01T19:15:13.213+02:00 DEBUG 20488 --- [main] o.apache.catalina.core.StandardContext   : Configuring default Resources
2024-03-01T19:15:13.219+02:00 DEBUG 20488 --- [main] o.apache.catalina.core.StandardContext   : Processing standard container startup
2024-03-01T19:15:13.219+02:00 DEBUG 20488 --- [main] o.apache.catalina.loader.WebappLoader    : Starting this Loader
2024-03-01T19:15:13.232+02:00 DEBUG 20488 --- [main] o.a.c.authenticator.AuthenticatorBase    : No SingleSignOn Valve is present
2024-03-01T19:15:13.233+02:00 DEBUG 20488 --- [main] o.apache.catalina.core.StandardContext   : No manager found. Checking if cluster manager should be used. Cluster configured: [false], Application distributable: [false]
2024-03-01T19:15:13.235+02:00 DEBUG 20488 --- [main] o.apache.catalina.core.StandardContext   : Configured a manager of class [org.apache.catalina.session.StandardManager]
2024-03-01T19:15:13.240+02:00  INFO 20488 --- [main] o.a.c.c.C.[Tomcat].[localhost].[/]       : Initializing Spring embedded WebApplicationContext
2024-03-01T19:15:13.241+02:00  INFO 20488 --- [main] w.s.c.ServletWebServerApplicationContext : Root WebApplicationContext: initialization completed in 833 ms
2024-03-01T19:15:13.267+02:00 DEBUG 20488 --- [main] org.apache.catalina.core.ContainerBase   : Add container child [StandardWrapper[dispatcherServlet]] to container [StandardEngine[Tomcat].StandardHost[localhost].TomcatEmbeddedContext[]]
2024-03-01T19:15:13.279+02:00 DEBUG 20488 --- [main] o.apache.catalina.core.StandardContext   : Configuring application event listeners
2024-03-01T19:15:13.280+02:00 DEBUG 20488 --- [main] o.a.c.c.C.[Tomcat].[localhost].[/]       : Sending application start events
2024-03-01T19:15:13.281+02:00 DEBUG 20488 --- [main] o.a.catalina.session.StandardManager     : Start: Loading persisted sessions
2024-03-01T19:15:13.281+02:00 DEBUG 20488 --- [main] o.a.c.c.C.[Tomcat].[localhost].[/]       : Starting filters
2024-03-01T19:15:13.281+02:00 DEBUG 20488 --- [main] o.a.c.c.C.[Tomcat].[localhost].[/]       :  Starting filter 'requestContextFilter'
2024-03-01T19:15:13.285+02:00 DEBUG 20488 --- [main] o.a.c.c.C.[Tomcat].[localhost].[/]       :  Starting filter 'Tomcat WebSocket (JSR356) Filter'
2024-03-01T19:15:13.285+02:00 DEBUG 20488 --- [main] o.a.c.c.C.[Tomcat].[localhost].[/]       :  Starting filter 'characterEncodingFilter'
2024-03-01T19:15:13.285+02:00 DEBUG 20488 --- [main] o.a.c.c.C.[Tomcat].[localhost].[/]       :  Starting filter 'formContentFilter'
2024-03-01T19:15:13.285+02:00 DEBUG 20488 --- [main] o.apache.catalina.core.StandardContext   : Starting completed
2024-03-01T19:15:13.287+02:00 DEBUG 20488 --- [main] org.apache.catalina.mapper.Mapper        : Registered host [localhost]
2024-03-01T19:15:13.288+02:00 DEBUG 20488 --- [main] o.apache.catalina.mapper.MapperListener  : Register Wrapper [dispatcherServlet] in Context [] for service [StandardService[Tomcat]]
2024-03-01T19:15:13.288+02:00 DEBUG 20488 --- [main] o.apache.catalina.mapper.MapperListener  : Register Context [] for service [StandardService[Tomcat]]
2024-03-01T19:15:13.288+02:00 DEBUG 20488 --- [main] o.apache.catalina.mapper.MapperListener  : Register host [localhost] at domain [null] for service [StandardService[Tomcat]]
2024-03-01T19:15:13.913+02:00 DEBUG 20488 --- [http-nio-8080-Acceptor] o.apache.tomcat.util.threads.LimitLatch  : Counting up[http-nio-8080-Acceptor] latch=0
2024-03-01T19:15:13.914+02:00  INFO 20488 --- [main] o.s.b.w.embedded.tomcat.TomcatWebServer  : Tomcat started on port 8080 (http) with context path ''
2024-03-01T19:15:13.920+02:00  INFO 20488 --- [main] org.example.aop.AopApplication           : Started AopApplication in 1.854 seconds (process running for 2.211)
2024-03-01T19:15:14.930+02:00 DEBUG 20488 --- [http-nio-8080-Poller] org.apache.tomcat.util.net.NioEndpoint   : timeout completed: keys processed=0; now=1709313314927; nextExpiration=0; keyCount=0; hasEvents=false; eval=false
2024-03-01T19:15:15.939+02:00 DEBUG 20488 --- [http-nio-8080-Poller] org.apache.tomcat.util.net.NioEndpoint   : timeout completed: keys processed=0; now=1709313315939; nextExpiration=1709313315927; keyCount=0; hasEvents=false; eval=false
2024-03-01T19:15:16.949+02:00 DEBUG 20488 --- [http-nio-8080-Poller] org.apache.tomcat.util.net.NioEndpoint   : timeout completed: keys processed=0; now=1709313316949; nextExpiration=1709313316939; keyCount=0; hasEvents=false; eval=false
2024-03-01T19:15:17.959+02:00 DEBUG 20488 --- [http-nio-8080-Poller] org.apache.tomcat.util.net.NioEndpoint   : timeout completed: keys processed=0; now=1709313317959; nextExpiration=1709313317949; keyCount=0; hasEvents=false; eval=false
2024-03-01T19:15:18.964+02:00 DEBUG 20488 --- [http-nio-8080-Poller] org.apache.tomcat.util.net.NioEndpoint   : timeout completed: keys processed=0; now=1709313318964; nextExpiration=1709313318959; keyCount=0; hasEvents=false; eval=false
2024-03-01T19:15:19.970+02:00 DEBUG 20488 --- [http-nio-8080-Poller] org.apache.tomcat.util.net.NioEndpoint   : timeout completed: keys processed=0; now=1709313319970; nextExpiration=1709313319964; keyCount=0; hasEvents=false; eval=false
2024-03-01T19:15:20.977+02:00 DEBUG 20488 --- [http-nio-8080-Poller] org.apache.tomcat.util.net.NioEndpoint   : timeout completed: keys processed=0; now=1709313320977; nextExpiration=1709313320970; keyCount=0; hasEvents=false; eval=false
2024-03-01T19:15:21.987+02:00 DEBUG 20488 --- [http-nio-8080-Poller] org.apache.tomcat.util.net.NioEndpoint   : timeout completed: keys processed=0; now=1709313321987; nextExpiration=1709313321977; keyCount=0; hasEvents=false; eval=false
2024-03-01T19:15:22.997+02:00 DEBUG 20488 --- [http-nio-8080-Poller] org.apache.tomcat.util.net.NioEndpoint   : timeout completed: keys processed=0; now=1709313322997; nextExpiration=1709313322987; keyCount=0; hasEvents=false; eval=false
2024-03-01T19:15:24.007+02:00 DEBUG 20488 --- [http-nio-8080-Poller] org.apache.tomcat.util.net.NioEndpoint   : timeout completed: keys processed=0; now=1709313324007; nextExpiration=1709313323997; keyCount=0; hasEvents=false; eval=false
2024-03-01T19:15:25.017+02:00 DEBUG 20488 --- [http-nio-8080-Poller] org.apache.tomcat.util.net.NioEndpoint   : timeout completed: keys processed=0; now=1709313325017; nextExpiration=1709313325007; keyCount=0; hasEvents=false; eval=false
2024-03-01T19:15:26.025+02:00 DEBUG 20488 --- [http-nio-8080-Poller] org.apache.tomcat.util.net.NioEndpoint   : timeout completed: keys processed=0; now=1709313326025; nextExpiration=1709313326017; keyCount=0; hasEvents=false; eval=false
2024-03-01T19:15:27.032+02:00 DEBUG 20488 --- [http-nio-8080-Poller] org.apache.tomcat.util.net.NioEndpoint   : timeout completed: keys processed=0; now=1709313327032; nextExpiration=1709313327025; keyCount=0; hasEvents=false; eval=false
2024-03-01T19:15:28.039+02:00 DEBUG 20488 --- [http-nio-8080-Poller] org.apache.tomcat.util.net.NioEndpoint   : timeout completed: keys processed=0; now=1709313328039; nextExpiration=1709313328032; keyCount=0; hasEvents=false; eval=false
2024-03-01T19:15:29.047+02:00 DEBUG 20488 --- [http-nio-8080-Poller] org.apache.tomcat.util.net.NioEndpoint   : timeout completed: keys processed=0; now=1709313329047; nextExpiration=1709313329039; keyCount=0; hasEvents=false; eval=false
2024-03-01T19:15:30.056+02:00 DEBUG 20488 --- [http-nio-8080-Poller] org.apache.tomcat.util.net.NioEndpoint   : timeout completed: keys processed=0; now=1709313330056; nextExpiration=1709313330047; keyCount=0; hasEvents=false; eval=false
2024-03-01T19:15:31.068+02:00 DEBUG 20488 --- [http-nio-8080-Poller] org.apache.tomcat.util.net.NioEndpoint   : timeout completed: keys processed=0; now=1709313331068; nextExpiration=1709313331056; keyCount=0; hasEvents=false; eval=false
2024-03-01T19:15:32.080+02:00 DEBUG 20488 --- [http-nio-8080-Poller] org.apache.tomcat.util.net.NioEndpoint   : timeout completed: keys processed=0; now=1709313332080; nextExpiration=1709313332068; keyCount=0; hasEvents=false; eval=false
